Server running at http://127.0.0.1:8888/
/getData
/getData
/getData
/getD
/login.html
/login/login.html
/login/login.css
/login/login.js
/login/login.css
/login/login.html
/login/login.css
/login/login.js
/login/login.html
/login/login.css
/login/login.js
/login/login.html
/login/login.css
/login/login.js
/login/login.html
/login/login.css
/login/login.js
Server running at http://127.0.0.1:8888/
/login/login.html
/login/login.css
/login/login.js
/login/login.html
/login/login.css
/login/login.js
/login/login.html
/login/login.css
/login/login.js
/login/login.html
/login/login.css
/login/login.js
/login/login.html
/login/login.css
/login/login.js
/login/login.html
/login/login.css
/login/login.js
/login/login.html
/login/login.css
/login/login.js
/login/login.html
/login/login.css
/login/login.js
/login/login.html
/login/login.css
/login/login.js
/login/login.html
/login/login.css
/login/login.js
/login/login.html
/login/login.css
/login/login.js
/login/login.html
/login/login.css
/login/login.js
Server running at http://127.0.0.1:8888/
/login/login.html
/login/login.html
/login/login.html
/login/login.html
Server running at http://127.0.0.1:8888/
/login/login.html
/login/login.css
/login/login.js
Server running at http://127.0.0.1:8888/
/login/login.html
/login/login.css
/login/login.js
/getDatal
/getData
Server running at http://127.0.0.1:8888/
/getData
Server running at http://127.0.0.1:8888/
/getData
/getData
/getData
/getData
/getData
Server running at http://127.0.0.1:8888/
/
/favicon.ico
/index.html
/login.html
/login/login.html
/login/login.css
/login/login.js
/login/login.css
/login/login.html
/login/login.css
/login/login.js
/login/login.html
/login/login.css
/login/login.js
/getStudentData
Server running at http://127.0.0.1:8888/
/
/favicon.ico
/getStudentData
Server running at http://127.0.0.1:8888/
/getStudentData
Server running at http://127.0.0.1:8888/
/getStudentData
Server running at http://127.0.0.1:8888/
/getStudentData
/getStudentData
/getData
/getData
Server running at http://127.0.0.1:8888/
/getData
Server running at http://127.0.0.1:8888/
/getData
/getData
/getData
Server running at http://127.0.0.1:8888/
/getData
Server running at http://127.0.0.1:8888/
/getData
Server running at http://127.0.0.1:8888/
/getData
Server running at http://127.0.0.1:8888/
/getData
/getData
/getData
/getData
/getData
/getData
/getData
Server running at http://127.0.0.1:8888/
/getData
Server running at http://127.0.0.1:8888/
/getData
Server running at http://127.0.0.1:8888/
/getData
Server running at http://127.0.0.1:8888/
/getData
Server running at http://127.0.0.1:8888/
/getData
/login/login.html
/login.html
/login.js
/login.css
/getData
/login.html
/login.css
/login.html
/login.css
Server running at http://127.0.0.1:8888/
/login.html
/login.css
/login
Server running at http://127.0.0.1:8888/
/login.html
/login.css
/login
/login
Server running at http://127.0.0.1:8888/
/login
/login.html
/login.css
/login
/login
Server running at http://127.0.0.1:8888/
/login.html
/login.css
/login
/login.html
/login.css
/login
Server running at http://127.0.0.1:8888/
/login.html
/login.css
/login
Server running at http://127.0.0.1:8888/
/login.html
/login.css
/login
Server running at http://127.0.0.1:8888/
/login.html
/login.css
/login
Server running at http://127.0.0.1:8888/
/login.html
/login.css
/login
Server running at http://127.0.0.1:8888/
/login
/login.html
/login.css
/login
/login.html
/login.css
/login
Server running at http://127.0.0.1:8888/
/login.html
/login.css
/login
/login.css
/login
Server running at http://127.0.0.1:8888/
/login.html
/login.css
/login
Server running at http://127.0.0.1:8888/
/login.html
/login.css
/login
Server running at http://127.0.0.1:8888/
/login
Server running at http://127.0.0.1:8888/
/login
Server running at http://127.0.0.1:8888/
/login
Server running at http://127.0.0.1:8888/
/login.html
/login.css
/login
/login
/login
Server running at http://127.0.0.1:8888/
/login.html
/login.css
/login
/login.html
/login.css
/login
Server running at http://127.0.0.1:8888/
/login.html
/login.css
/login
/login.html
/login.css
/login
Server running at http://127.0.0.1:8888/
Server running at http://127.0.0.1:8888/
/login
Server running at http://127.0.0.1:8888/
/login.html
/login.css
/login
/login
Server running at http://127.0.0.1:8888/
/login
/login
/login.html
/login.css
/login
/login
/login
/login
Server running at http://127.0.0.1:8888/
/login.html
/login.css
/login
Server running at http://127.0.0.1:7777/
/login.html
/login.css
/favicon.ico
/login
Server running at http://127.0.0.1:7777/
Server running at http://127.0.0.1:7777/
/login
Server running at http://127.0.0.1:7777/
/login
Server running at http://127.0.0.1:7777/
/login.html
/login.css
/login
/login
/login
/login.html
/login.css
/login
/login.html
/login.css
/login
/main.html
Server running at http://127.0.0.1:7777/
/login
Server running at http://127.0.0.1:7777/
/login
/main.html
/login
/main.html
Server running at http://127.0.0.1:7777/
/login
/main.html
/login
/main.html
Server running at http://127.0.0.1:7777/
/login
/main.html
/login
/login
/main.html
/login
/login.html
/login.css
/login
Server running at http://127.0.0.1:7777/
/login
/login
/error.html
/login
/main.html
Server running at http://127.0.0.1:7777/
/main.html
/login.html
/login.css
/login
/main.html
/login.html
/login.css
/login.css
Server running at http://127.0.0.1:7777/
/login.html
/login.css
/login
/main.html
/login.html
/login.css
/login.css
/login.html
/login.css
/login
/main.html
/login.html
/login.css
/login.html
/login.css
Server running at http://127.0.0.1:7777/
/login.html
/login.css
/login
/main.html
/login.html
/login.html
/login.css
Server running at http://127.0.0.1:7777/
/login.html
/login.css
/login
/login
Server running at http://127.0.0.1:7777/
/login.html
/login.css
/login
Server running at http://127.0.0.1:7777/
/login.html
/login.css
/login
/login
/login
/login
/login.html
/login.css
/login
/main.html
/login.html
/login.css
/login.html
/login.css
/login
/main.html
/login.html
/login.css
/login
/main.html
/login.html
/login.css
/login.html
/login.css
/login.html
/login.css
/login.html
/login.css
/login
/main.html
/login.html
/login.css
/login.html
/login.css
/login
/login
Server running at http://127.0.0.1:7777/
/login.html
/login.css
/login.html
/login.css
/login.html
/login.css
/login
/login
/main.html
/login.html
/login
/main.html
/login.html
/login.html
/login.css
/login
/main.html
/login.html
Server running at http://127.0.0.1:7777/
/login.html
/login.css
/login
Server running at http://127.0.0.1:7777/
/login.html
/login.css
/login
Server running at http://127.0.0.1:7777/
/login.html
/login.css
/login
/login
/login
Server running at http://127.0.0.1:7777/
/login
/login
Server running at http://127.0.0.1:7777/
/
/favicon.ico
/login.html
/login.css
/login.css
/login
/login
/main.html
/login.html
/login.css
/login
/main.html
/login.html
/login.css
/login.html
/login.css
/login
/login.html
/login.css
/login.css
/login
Server running at http://127.0.0.1:7777/
/login.html
/login.css
/login
/login
Server running at http://127.0.0.1:7777/
/login
/login
/login
/login.html
/login.css
/login
Server running at http://127.0.0.1:7777/
/login
/login
Server running at http://127.0.0.1:7777/
/login
/main.html
/login
/login
/main.html
/login
/login
/main.html
/login.html
/login.css
/login
/main.html
/login.html
/login.css
/login
/login
/login
/main.html
Server running at http://127.0.0.1:7777/
/login.html
/login.css
/login
/login
/main.html
Server running at http://127.0.0.1:7777/
/
/
/login.html
/login.css
/login.css
/login
/login
Server running at http://127.0.0.1:7777/
/login.html
/login.css
/login
/main.html
/login.html
/login.css
Server running at http://127.0.0.1:7777/
/login.html
/login.css
/login.css
/login
/login
/main.html
Server running at http://127.0.0.1:7777/
/main.html
/login
/error.html
/login.html
/login.css
/main.html
Server running at http://127.0.0.1:7777/
/main.html
/main.html
/error.html
/error.html
/error.html
/error.html
/error.html
/error.html
/error.html
/error.html
/error.html
/error.html
/error.html
/error.html
/error.html
/error.html
/error.html
/error.html
/error.html
/error.html
/error.html
/error.html
/error.html
/error.html
/error.html
/error.html
/error.html
/error.html
/error.html
/error.html
/error.html
/error.html
/error.html
/error.html
/error.html
/error.html
/error.html
/error.html
/error.html
/error.html
/error.html
/error.html
/error.html
/error.html
/error.html
/error.html
/error.html
/error.html
/error.html
/error.html
/error.html
/error.html
/error.html
/error.html
/error.html
/error.html
/error.html
/error.html
/error.html
/error.html
/error.html
/error.html
/error.html
/error.html
/error.html
/error.html
/error.html
/error.html
/error.html
/error.html
/error.html
/error.html
/error.html
/error.html
/error.html
/error.html
/error.html
/error.html
/error.html
/main.html
/error.html
/error.html
/error.html
/error.html
/error.html
/error.html
/error.html
/error.html
/error.html
/error.html
/error.html
/error.html
/error.html
/error.html
/error.html
/error.html
/error.html
/error.html
/error.html
/error.html
/error.html
/error.html
/error.html
/error.html
/error.html
/error.html
/error.html
/error.html
/error.html
/error.html
/error.html
/error.html
/error.html
/error.html
/error.html
/error.html
/error.html
/error.html
/error.html
/error.html
/error.html
/error.html
/error.html
/error.html
/error.html
/error.html
/error.html
/error.html
/error.html
/error.html
/error.html
/error.html
/error.html
/error.html
/error.html
/error.html
/error.html
/error.html
/error.html
/login.html
/login.css
/login.css
/login
/login
/main.html
/main.html
/main.html
/main.html
/login.html
/login.css
/login.html
/login.css
/login.html
/login.css
/login.css
/login
/login
/main.html
/main.html
/login.html
/login.css
/login.css
/main.html
/error.html
/error.html
/error.html
/error.html
/error.html
/error.html
/error.html
/error.html
/error.html
/error.html
/error.html
/error.html
/error.html
/error.html
/error.html
/error.html
/error.html
/error.html
/error.html
/error.html
/error.html
/error.html
/error.html
/error.html
/error.html
/error.html
/error.html
/error.html
/error.html
/error.html
/error.html
/error.html
/error.html
/error.html
/error.html
/error.html
/error.html
/error.html
/error.html
/error.html
/error.html
/error.html
/error.html
/error.html
/error.html
/error.html
/error.html
/error.html
/error.html
/error.html
/error.html
/error.html
/error.html
/error.html
/error.html
/error.html
/error.html
/error.html
/error.html
Server running at http://127.0.0.1:7777/
/main.html
/favicon.ico
/main.html
/favicon.ico
/login.html
/login.css
/login.css
/login
/main.html
/main.html
/main.html
/login.html
/login.css
/login.css
Server running at http://127.0.0.1:7777/
/
/favicon.ico
/login.css
/login.html
/main.html
/login.css
/login
/main.html
/main.html
/main.html
/login.html
/login.css
/login
/login.css
/login
/main.html
/main.html
/login.html
/login.css
/login.css
Server running at http://127.0.0.1:7777/
/
/favicon.ico
/login.html
/login.css
